<?xml version="1.0" encoding="UTF-8"?>
<testng-results ignored="0" total="1" passed="1" failed="0" skipped="0">
  <reporter-output>
  </reporter-output>
  <suite started-at="2021-04-16T20:51:35Z" name="Default suite" finished-at="2021-04-16T20:51:51Z" duration-ms="15921">
    <groups>
    </groups>
    <test started-at="2021-04-16T20:51:35Z" name="Default test" finished-at="2021-04-16T20:51:51Z" duration-ms="15921">
      <class name="com.personalgroupskills.testcases.LoginTest">
        <test-method is-config="true" signature="setUpSuite()[pri:0, instance:com.personalgroupskills.testcases.LoginTest@1e81f160]" started-at="2021-04-16T21:51:35Z" name="setUpSuite" finished-at="2021-04-16T21:51:35Z" duration-ms="596" status="PASS">
          <reporter-output>
          </reporter-output>
        </test-method> <!-- setUpSuite -->
        <test-method is-config="true" signature="setup()[pri:0, instance:com.personalgroupskills.testcases.LoginTest@1e81f160]" started-at="2021-04-16T21:51:35Z" name="setup" finished-at="2021-04-16T21:51:39Z" duration-ms="3161" status="PASS">
          <reporter-output>
          </reporter-output>
        </test-method> <!-- setup -->
        <test-method signature="loginApp()[pri:0, instance:com.personalgroupskills.testcases.LoginTest@1e81f160]" started-at="2021-04-16T21:51:39Z" name="loginApp" finished-at="2021-04-16T21:51:50Z" duration-ms="11222" status="PASS">
          <reporter-output>
          </reporter-output>
        </test-method> <!-- loginApp -->
        <test-method is-config="true" signature="tearDownMethod(org.testng.ITestResult)[pri:0, instance:com.personalgroupskills.testcases.LoginTest@1e81f160]" started-at="2021-04-16T21:51:50Z" name="tearDownMethod" finished-at="2021-04-16T21:51:50Z" duration-ms="258" status="PASS">
          <params>
            <param index="0">
              <value>
                <![CDATA[[TestResult name=loginApp status=SUCCESS method=LoginTest.loginApp()[pri:0, instance:com.personalgroupskills.testcases.LoginTest@1e81f160] output={null}]]]>
              </value>
            </param>
          </params>
          <reporter-output>
          </reporter-output>
        </test-method> <!-- tearDownMethod -->
        <test-method is-config="true" signature="tearDown()[pri:0, instance:com.personalgroupskills.testcases.LoginTest@1e81f160]" started-at="2021-04-16T21:51:50Z" name="tearDown" finished-at="2021-04-16T21:51:51Z" duration-ms="1269" status="PASS">
          <reporter-output>
          </reporter-output>
        </test-method> <!-- tearDown -->
      </class> <!-- com.personalgroupskills.testcases.LoginTest -->
    </test> <!-- Default test -->
  </suite> <!-- Default suite -->
</testng-results>
